<?xml version="1.0" encoding="UTF-8"?>
<!-- Generated by org.testng.reporters.JUnitXMLReporter -->
<testsuite ignored="1" hostname="WIN-OOTF47HGKQT" failures="0" tests="2" name="First test demo" time="5.376" errors="0" timestamp="2022-10-03T22:46:48 EET">
  <testcase classname="com.google.Maven.TestNG" name="userLogin" time="0.025"/>
  <testcase classname="com.google.Maven.TestNG" name="userLogin2" time="0.014"/>
  <testcase classname="com.google.Maven.TestNG" name="userLogin3" time="0.0">
    <ignored/>
  </testcase> <!-- userLogin3 -->
</testsuite> <!-- First test demo -->
