<?xml version="1.0" encoding="UTF-8"?>
<testng-results ignored="1" total="3" passed="2" failed="0" skipped="0">
  <reporter-output>
  </reporter-output>
  <suite started-at="2022-10-03T22:46:42 EET" name="First suite" finished-at="2022-10-03T22:46:48 EET" duration-ms="5376">
    <groups>
      <group name="My group">
        <method signature="TestNG.userLogin()[pri:0, instance:com.google.Maven.TestNG@5e600dd5]" name="userLogin" class="com.google.Maven.TestNG"/>
        <method signature="TestNG.userLogin2()[pri:0, instance:com.google.Maven.TestNG@5e600dd5]" name="userLogin2" class="com.google.Maven.TestNG"/>
      </group> <!-- My group -->
    </groups>
    <test started-at="2022-10-03T22:46:42 EET" name="First test demo" finished-at="2022-10-03T22:46:48 EET" duration-ms="5376">
      <class name="com.google.Maven.TestNG">
        <test-method is-config="true" signature="openUrl()[pri:0, instance:com.google.Maven.TestNG@5e600dd5]" started-at="2022-10-03T22:46:42 EET" name="openUrl" finished-at="2022-10-03T22:46:47 EET" duration-ms="5246" status="PASS">
          <reporter-output>
          </reporter-output>
        </test-method> <!-- openUrl -->
        <test-method signature="userLogin()[pri:0, instance:com.google.Maven.TestNG@5e600dd5]" started-at="2022-10-03T22:46:48 EET" name="userLogin" finished-at="2022-10-03T22:46:48 EET" duration-ms="25" status="PASS">
          <reporter-output>
          </reporter-output>
        </test-method> <!-- userLogin -->
        <test-method signature="userLogin2()[pri:0, instance:com.google.Maven.TestNG@5e600dd5]" started-at="2022-10-03T22:46:48 EET" name="userLogin2" finished-at="2022-10-03T22:46:48 EET" duration-ms="14" status="PASS">
          <reporter-output>
          </reporter-output>
        </test-method> <!-- userLogin2 -->
      </class> <!-- com.google.Maven.TestNG -->
    </test> <!-- First test demo -->
  </suite> <!-- First suite -->
</testng-results>
